{"target": 0.9095779673739995, "params": {"lambd": 3.0, "weight": 1.0}, "datetime": {"datetime": "2023-04-02 13:06:54", "elapsed": 0.0, "delta": 0.0}}
{"target": 0.9051683302440138, "params": {"lambd": 5.533253688880515, "weight": 0.7151893663724195}, "datetime": {"datetime": "2023-04-02 13:33:24", "elapsed": 1590.326613, "delta": 1590.326613}}
{"target": 0.9012149218087675, "params": {"lambd": 6.067357423109274, "weight": 0.5448831829968969}, "datetime": {"datetime": "2023-04-02 13:59:53", "elapsed": 3179.174005, "delta": 1588.847392}}
{"target": 0.9101497104834794, "params": {"lambd": 4.294182513455157, "weight": 0.6458941130666561}, "datetime": {"datetime": "2023-04-02 14:26:37", "elapsed": 4783.541841, "delta": 1604.367836}}
{"target": 0.9098964442043226, "params": {"lambd": 4.432113391500656, "weight": 0.8917730007820798}, "datetime": {"datetime": "2023-04-02 14:53:14", "elapsed": 6380.624299, "delta": 1597.082458}}
{"target": 0.8817145639905837, "params": {"lambd": 9.64026132896019, "weight": 0.3834415188257777}, "datetime": {"datetime": "2023-04-02 15:20:05", "elapsed": 7991.407447, "delta": 1610.783148}}
{"target": 0.8901510702236326, "params": {"lambd": 7.9380778770183795, "weight": 0.5288949197529045}, "datetime": {"datetime": "2023-04-02 15:46:36", "elapsed": 9582.248902, "delta": 1590.841455}}
{"target": 0.9048094446019116, "params": {"lambd": 5.72364115482993, "weight": 0.925596638292661}, "datetime": {"datetime": "2023-04-02 16:13:37", "elapsed": 11203.055026, "delta": 1620.806124}}
{"target": 0.8995698103020316, "params": {"lambd": 0.8032569761590808, "weight": 0.08712929970154071}, "datetime": {"datetime": "2023-04-02 16:40:00", "elapsed": 12785.906604, "delta": 1582.851578}}
{"target": 0.9005676194820347, "params": {"lambd": 0.30016213465922464, "weight": 0.832619845547938}, "datetime": {"datetime": "2023-04-02 17:06:37", "elapsed": 14383.412655, "delta": 1597.506051}}
{"target": 0.8930528442479733, "params": {"lambd": 7.80375183440352, "weight": 0.8700121482468192}, "datetime": {"datetime": "2023-04-02 17:33:27", "elapsed": 15993.397607, "delta": 1609.984952}}
{"target": 0.8857155094549296, "params": {"lambd": 9.788321588104363, "weight": 0.7991585642167236}, "datetime": {"datetime": "2023-04-02 18:00:24", "elapsed": 17610.164051, "delta": 1616.766444}}
{"target": 0.9089644514263989, "params": {"lambd": 4.668645686304025, "weight": 0.7805291762864555}, "datetime": {"datetime": "2023-04-02 18:27:23", "elapsed": 19228.941747, "delta": 1618.777696}}
{"target": 0.9042504339058294, "params": {"lambd": 1.270916816102439, "weight": 0.6399210213275238}, "datetime": {"datetime": "2023-04-02 18:54:28", "elapsed": 20854.432443, "delta": 1625.490696}}
{"target": 0.9061408598674522, "params": {"lambd": 1.5191975453495596, "weight": 0.9446689170495839}, "datetime": {"datetime": "2023-04-02 19:21:07", "elapsed": 22452.871099, "delta": 1598.438656}}
{"target": 0.905155110315999, "params": {"lambd": 5.266298385325709, "weight": 0.4146619399905236}, "datetime": {"datetime": "2023-04-02 19:47:39", "elapsed": 24045.479914, "delta": 1592.608815}}
{"target": 0.9083642166664999, "params": {"lambd": 3.252862891964257, "weight": 0.0}, "datetime": {"datetime": "2023-04-02 20:14:02", "elapsed": 25628.487134, "delta": 1583.00722}}
{"target": 0.9119490463837964, "params": {"lambd": 3.713629715936397, "weight": 0.8414506779154612}, "datetime": {"datetime": "2023-04-02 20:40:43", "elapsed": 27229.048567, "delta": 1600.561433}}
{"target": 0.9109109452882486, "params": {"lambd": 3.715833256849128, "weight": 1.0}, "datetime": {"datetime": "2023-04-02 21:07:09", "elapsed": 28815.181167, "delta": 1586.1326}}
{"target": 0.9105201490299605, "params": {"lambd": 3.518511857199856, "weight": 0.5404044767725631}, "datetime": {"datetime": "2023-04-02 21:34:00", "elapsed": 30426.127159, "delta": 1610.945992}}
{"target": 0.9063852003504141, "params": {"lambd": 2.266350889600276, "weight": 0.0}, "datetime": {"datetime": "2023-04-02 22:00:16", "elapsed": 32002.05624, "delta": 1575.929081}}
{"target": 0.9093739224680464, "params": {"lambd": 2.3698768389449105, "weight": 0.8379988411402614}, "datetime": {"datetime": "2023-04-02 22:27:04", "elapsed": 33610.451356, "delta": 1608.395116}}
{"target": 0.9112075149591966, "params": {"lambd": 3.880824266482862, "weight": 0.6933987450303896}, "datetime": {"datetime": "2023-04-02 22:53:43", "elapsed": 35209.564945, "delta": 1599.113589}}
{"target": 0.9091894211463707, "params": {"lambd": 2.8528340002527575, "weight": 0.4809442275670175}, "datetime": {"datetime": "2023-04-02 23:20:28", "elapsed": 36814.439768, "delta": 1604.874823}}
{"target": 0.9089231984640415, "params": {"lambd": 4.186214254054029, "weight": 0.001188326003764395}, "datetime": {"datetime": "2023-04-02 23:47:08", "elapsed": 38413.836522, "delta": 1599.396754}}
{"target": 0.9113833408936682, "params": {"lambd": 3.475669997434795, "weight": 0.8320644931386173}, "datetime": {"datetime": "2023-04-03 00:13:55", "elapsed": 40021.180849, "delta": 1607.344327}}
{"target": 0.9109243602870936, "params": {"lambd": 3.660004078402289, "weight": 0.7690007877276998}, "datetime": {"datetime": "2023-04-03 00:40:43", "elapsed": 41628.956438, "delta": 1607.775589}}
{"target": 0.8929294953590361, "params": {"lambd": 6.838349655544125, "weight": 0.003809656170915332}, "datetime": {"datetime": "2023-04-03 01:07:00", "elapsed": 43206.181189, "delta": 1577.224751}}
{"target": 0.9048434399498341, "params": {"lambd": 4.751969521003883, "weight": 0.0}, "datetime": {"datetime": "2023-04-03 01:33:18", "elapsed": 44784.470733, "delta": 1578.289544}}
{"target": 0.9068197641444701, "params": {"lambd": 1.8965281395350277, "weight": 0.46572751846748833}, "datetime": {"datetime": "2023-04-03 02:00:22", "elapsed": 46408.457741, "delta": 1623.987008}}
{"target": 0.9094819734366713, "params": {"lambd": 3.723088175351664, "weight": 0.0}, "datetime": {"datetime": "2023-04-03 02:26:47", "elapsed": 47993.656548, "delta": 1585.198807}}
{"target": 0.8948742089858778, "params": {"lambd": 0.1, "weight": 0.0}, "datetime": {"datetime": "2023-04-03 02:53:28", "elapsed": 49593.913397, "delta": 1600.256849}}
{"target": 0.9078607985171651, "params": {"lambd": 5.0536470243263025, "weight": 0.9957798375137844}, "datetime": {"datetime": "2023-04-03 03:19:58", "elapsed": 51184.55808, "delta": 1590.644683}}
{"target": 0.9041202626881142, "params": {"lambd": 1.614045632576143, "weight": 0.009242816703668444}, "datetime": {"datetime": "2023-04-03 03:46:29", "elapsed": 52775.57328, "delta": 1591.0152}}
{"target": 0.9108049350582658, "params": {"lambd": 3.1878556839636984, "weight": 0.641231466673512}, "datetime": {"datetime": "2023-04-03 04:13:10", "elapsed": 54376.498974, "delta": 1600.925694}}
{"target": 0.9107636938513126, "params": {"lambd": 4.030959011277055, "weight": 0.9335383392285789}, "datetime": {"datetime": "2023-04-03 04:39:44", "elapsed": 55970.474996, "delta": 1593.976022}}
{"target": 0.9081294591949297, "params": {"lambd": 2.038302491507629, "weight": 0.9971061564442937}, "datetime": {"datetime": "2023-04-03 05:06:25", "elapsed": 57571.08267, "delta": 1600.607674}}
{"target": 0.9001366535520848, "params": {"lambd": 6.6792863385005345, "weight": 1.0}, "datetime": {"datetime": "2023-04-03 05:32:31", "elapsed": 59137.459313, "delta": 1566.376643}}
{"target": 0.9006569542679735, "params": {"lambd": 5.650812155978021, "weight": 0.0}, "datetime": {"datetime": "2023-04-03 05:58:56", "elapsed": 60722.084646, "delta": 1584.625333}}
{"target": 0.911241590051803, "params": {"lambd": 3.321591656076732, "weight": 0.3240500173602715}, "datetime": {"datetime": "2023-04-03 06:25:31", "elapsed": 62317.170617, "delta": 1595.085971}}
{"target": 0.9096770709740013, "params": {"lambd": 3.9701046906944213, "weight": 0.2860552820469188}, "datetime": {"datetime": "2023-04-03 06:52:30", "elapsed": 63936.643479, "delta": 1619.472862}}
{"target": 0.9101020310093796, "params": {"lambd": 3.3466649418047223, "weight": 0.9944934815332203}, "datetime": {"datetime": "2023-04-03 07:19:32", "elapsed": 65558.255982, "delta": 1621.612503}}
{"target": 0.9093726523671412, "params": {"lambd": 2.637949875593286, "weight": 0.9813103903728886}, "datetime": {"datetime": "2023-04-03 07:46:23", "elapsed": 67169.001619, "delta": 1610.745637}}
{"target": 0.9111903390030417, "params": {"lambd": 3.8514048369010006, "weight": 0.8615208811726143}, "datetime": {"datetime": "2023-04-03 08:13:05", "elapsed": 68771.142279, "delta": 1602.14066}}
{"target": 0.9025083648263615, "params": {"lambd": 0.8210889681659334, "weight": 0.9967146675216391}, "datetime": {"datetime": "2023-04-03 08:40:02", "elapsed": 70388.049324, "delta": 1616.907045}}
{"target": 0.9094901066464208, "params": {"lambd": 2.76230448920265, "weight": 0.005820520618681213}, "datetime": {"datetime": "2023-04-03 09:07:00", "elapsed": 72006.337087, "delta": 1618.287763}}
{"target": 0.908875944681879, "params": {"lambd": 2.4399049043875336, "weight": 0.4034061596008351}, "datetime": {"datetime": "2023-04-03 09:34:02", "elapsed": 73628.184218, "delta": 1621.847131}}
{"target": 0.9108730210197408, "params": {"lambd": 3.5711792645142326, "weight": 0.2515878381876582}, "datetime": {"datetime": "2023-04-03 10:00:45", "elapsed": 75231.060888, "delta": 1602.87667}}
{"target": 0.911040849252439, "params": {"lambd": 4.101644799974892, "weight": 0.7574942217405274}, "datetime": {"datetime": "2023-04-03 10:27:42", "elapsed": 76848.6622, "delta": 1617.601312}}
{"target": 0.9083240648492836, "params": {"lambd": 4.439046361493707, "weight": 0.32199100994738417}, "datetime": {"datetime": "2023-04-03 10:54:30", "elapsed": 78456.160145, "delta": 1607.497945}}
{"target": 0.9109748160104196, "params": {"lambd": 3.0543116914973543, "weight": 0.2627130200708695}, "datetime": {"datetime": "2023-04-03 11:21:18", "elapsed": 80064.70906, "delta": 1608.548915}}
{"target": 0.9108319771760843, "params": {"lambd": 3.6051488720263727, "weight": 0.9059300615812969}, "datetime": {"datetime": "2023-04-03 11:48:18", "elapsed": 81684.511784, "delta": 1619.802724}}
{"target": 0.9116827884616363, "params": {"lambd": 3.729786925520684, "weight": 0.839665449234968}, "datetime": {"datetime": "2023-04-03 12:15:22", "elapsed": 83308.685794, "delta": 1624.17401}}
{"target": 0.8818747356077044, "params": {"lambd": 8.672395028606312, "weight": 0.0}, "datetime": {"datetime": "2023-04-03 12:41:47", "elapsed": 84893.296815, "delta": 1584.611021}}
{"target": 0.8904823865747454, "params": {"lambd": 8.748582466761867, "weight": 1.0}, "datetime": {"datetime": "2023-04-03 13:08:03", "elapsed": 86469.552287, "delta": 1576.255472}}
{"target": 0.9082009236883392, "params": {"lambd": 4.848071497203617, "weight": 0.4676406577616242}, "datetime": {"datetime": "2023-04-03 13:34:52", "elapsed": 88077.797849, "delta": 1608.245562}}
