{"target": 0.9096094542165417, "params": {"depth": 3.919154032918018, "lambd": 7.343082687700502}, "datetime": {"datetime": "2023-03-26 15:00:16", "elapsed": 0.0, "delta": 0.0}}
{"target": 0.892024196691304, "params": {"depth": 1.0008006237214142, "lambd": 3.372159440002478}, "datetime": {"datetime": "2023-03-26 15:51:27", "elapsed": 3071.493472, "delta": 3071.493472}}
{"target": 0.9035532621787774, "params": {"depth": 2.027291235719791, "lambd": 1.3772166503035792}, "datetime": {"datetime": "2023-03-26 16:45:31", "elapsed": 6314.8909, "delta": 3243.397428}}
{"target": 0.9112636071334507, "params": {"depth": 2.3038214796436964, "lambd": 3.7828269069089537}, "datetime": {"datetime": "2023-03-26 17:40:15", "elapsed": 9599.705822, "delta": 3284.814922}}
{"target": 0.9147310264799872, "params": {"depth": 3.7773723196146896, "lambd": 5.618758973031891}, "datetime": {"datetime": "2023-03-26 18:37:48", "elapsed": 13052.350786, "delta": 3452.644964}}
{"target": 0.8917582189363792, "params": {"depth": 1.7614342033393142, "lambd": 4.004352114747633}, "datetime": {"datetime": "2023-03-26 19:29:20", "elapsed": 16144.868601, "delta": 3092.517815}}
{"target": 0.9100775645098823, "params": {"depth": 3.944119417453155, "lambd": 7.353552986540869}, "datetime": {"datetime": "2023-03-26 20:27:17", "elapsed": 19620.996618, "delta": 3476.128017}}
{"target": 0.9148445078887759, "params": {"depth": 3.9266516471739807, "lambd": 6.054635318566149}, "datetime": {"datetime": "2023-03-26 21:25:10", "elapsed": 23094.596937, "delta": 3473.600319}}
{"target": 0.9171836663711797, "params": {"depth": 3.002554369065429, "lambd": 3.6153957016883553}, "datetime": {"datetime": "2023-03-26 22:21:21", "elapsed": 26465.366309, "delta": 3370.769372}}
{"target": 0.9173850475327345, "params": {"depth": 3.2390005824289756, "lambd": 4.470627692676328}, "datetime": {"datetime": "2023-03-26 23:18:18", "elapsed": 29882.715063, "delta": 3417.348754}}
{"target": 0.9153536572732763, "params": {"depth": 4.286760651229119, "lambd": 4.203758511060298}, "datetime": {"datetime": "2023-03-27 00:16:03", "elapsed": 33347.460312, "delta": 3464.745249}}
{"target": 0.9080411835769023, "params": {"depth": 5.065251033373588, "lambd": 5.499544608806732}, "datetime": {"datetime": "2023-03-27 01:16:22", "elapsed": 36966.706714, "delta": 3619.246402}}
{"target": 0.9176513952466706, "params": {"depth": 4.182634971059967, "lambd": 2.98211666450792}, "datetime": {"datetime": "2023-03-27 02:13:23", "elapsed": 40387.144485, "delta": 3420.437771}}
{"target": 0.9169152877062469, "params": {"depth": 5.293515708147193, "lambd": 3.081147689835904}, "datetime": {"datetime": "2023-03-27 03:13:03", "elapsed": 43967.545199, "delta": 3580.400714}}
{"target": 0.916013173871832, "params": {"depth": 4.869719024509043, "lambd": 1.9386638485243883}, "datetime": {"datetime": "2023-03-27 04:09:28", "elapsed": 47352.048536, "delta": 3384.503337}}
{"target": 0.9169145269343472, "params": {"depth": 6.332277346478052, "lambd": 2.1349761240603686}, "datetime": {"datetime": "2023-03-27 05:09:21", "elapsed": 50945.688337, "delta": 3593.639801}}
{"target": 0.913847974607854, "params": {"depth": 6.833829525430746, "lambd": 3.3481572418119447}, "datetime": {"datetime": "2023-03-27 06:09:53", "elapsed": 54577.14004, "delta": 3631.451703}}
{"target": 0.9136854492675681, "params": {"depth": 5.98299229446706, "lambd": 0.8186370761266908}, "datetime": {"datetime": "2023-03-27 07:06:20", "elapsed": 57964.353768, "delta": 3387.213728}}
{"target": 0.9166526518910091, "params": {"depth": 7.671404462264393, "lambd": 1.710734833498523}, "datetime": {"datetime": "2023-03-27 08:05:16", "elapsed": 61499.962672, "delta": 3535.608904}}
{"target": 0.9151538870817945, "params": {"depth": 7.83837370050978, "lambd": 0.5026193179539703}, "datetime": {"datetime": "2023-03-27 09:01:25", "elapsed": 64869.669444, "delta": 3369.706772}}
{"target": 0.8932577886919398, "params": {"depth": 5.510930482251388, "lambd": 8.297175289892568}, "datetime": {"datetime": "2023-03-27 10:03:03", "elapsed": 68567.154663, "delta": 3697.485219}}
{"target": 0.8922749755334731, "params": {"depth": 1.0, "lambd": 10.0}, "datetime": {"datetime": "2023-03-27 10:58:15", "elapsed": 71879.213506, "delta": 3312.058843}}
{"target": 0.9013728423993518, "params": {"depth": 8.0, "lambd": 4.926309992019462}, "datetime": {"datetime": "2023-03-27 12:00:35", "elapsed": 75619.264322, "delta": 3740.050816}}
{"target": 0.9093506052272703, "params": {"depth": 4.246765519641015, "lambd": 0.5}, "datetime": {"datetime": "2023-03-27 12:54:11", "elapsed": 78835.105812, "delta": 3215.84149}}
{"target": 0.8786173418328467, "params": {"depth": 8.0, "lambd": 10.0}, "datetime": {"datetime": "2023-03-27 13:57:23", "elapsed": 82627.757239, "delta": 3792.651427}}
{"target": 0.8907116067758295, "params": {"depth": 1.0, "lambd": 7.166947325151674}, "datetime": {"datetime": "2023-03-27 14:51:10", "elapsed": 85853.967978, "delta": 3226.210739}}
{"target": 0.9139517846555244, "params": {"depth": 7.991486277449718, "lambd": 2.8878471945409365}, "datetime": {"datetime": "2023-03-27 15:51:17", "elapsed": 89461.796228, "delta": 3607.82825}}
{"target": 0.8988900744820313, "params": {"depth": 3.7096828320214517, "lambd": 10.0}, "datetime": {"datetime": "2023-03-27 16:49:41", "elapsed": 92965.69639, "delta": 3503.900162}}
{"target": 0.9139495227092888, "params": {"depth": 3.4309523479355777, "lambd": 2.15216256962181}, "datetime": {"datetime": "2023-03-27 17:43:39", "elapsed": 96203.514943, "delta": 3237.818553}}
{"target": 0.9156924912334125, "params": {"depth": 6.9693914496477785, "lambd": 1.0487100776228415}, "datetime": {"datetime": "2023-03-27 18:41:17", "elapsed": 99661.819676, "delta": 3458.304733}}
{"target": 0.9143565511726228, "params": {"depth": 5.773299358019059, "lambd": 4.084801432039194}, "datetime": {"datetime": "2023-03-27 19:41:23", "elapsed": 103266.960612, "delta": 3605.140936}}
{"target": 0.8899361169671655, "params": {"depth": 1.0052400974446432, "lambd": 0.5092374910531725}, "datetime": {"datetime": "2023-03-27 20:30:16", "elapsed": 106200.622998, "delta": 2933.662386}}
{"target": 0.9085965027264665, "params": {"depth": 2.5285180943052725, "lambd": 2.7689300058864528}, "datetime": {"datetime": "2023-03-27 21:24:11", "elapsed": 109435.128287, "delta": 3234.505289}}
{"target": 0.9143030587844788, "params": {"depth": 7.150510765729486, "lambd": 2.372888096046838}, "datetime": {"datetime": "2023-03-27 22:23:04", "elapsed": 112968.315964, "delta": 3533.187677}}
{"target": 0.8921279164227931, "params": {"depth": 7.9825987923175585, "lambd": 6.974504601440039}, "datetime": {"datetime": "2023-03-27 23:25:11", "elapsed": 116695.494697, "delta": 3727.178733}}
