{"target": 0.9165791530252826, "params": {"depth": 3.5, "log_lambd": 0.0}, "datetime": {"datetime": "2023-03-28 14:31:01", "elapsed": 0.0, "delta": 0.0}}
{"target": 0.882466906040903, "params": {"depth": 4.336176037620592, "log_lambd": 0.4406489868843162}, "datetime": {"datetime": "2023-03-28 15:09:52", "elapsed": 2330.93522, "delta": 2330.93522}}
{"target": 0.8854532832287011, "params": {"depth": 1.000914998538759, "log_lambd": -0.39533485473632046}, "datetime": {"datetime": "2023-03-28 15:30:47", "elapsed": 3586.147492, "delta": 1255.212272}}
{"target": 0.8948076733898653, "params": {"depth": 2.1740471265369044, "log_lambd": -0.8153228104624044}, "datetime": {"datetime": "2023-03-28 15:55:48", "elapsed": 5086.917056, "delta": 1500.769564}}
{"target": 0.9023770038421951, "params": {"depth": 2.4900816910213672, "log_lambd": -0.3088785459139045}, "datetime": {"datetime": "2023-03-28 16:22:22", "elapsed": 6681.095463, "delta": 1594.178407}}
{"target": 0.90140209725308, "params": {"depth": 4.1741397938453595, "log_lambd": 0.07763346800671389}, "datetime": {"datetime": "2023-03-28 17:02:58", "elapsed": 9116.206642, "delta": 2435.111179}}
{"target": 0.8849025833284349, "params": {"depth": 4.353556115226358, "log_lambd": 0.370439000793519}, "datetime": {"datetime": "2023-03-28 17:41:28", "elapsed": 11426.633036, "delta": 2310.426394}}
{"target": 0.8812371947752108, "params": {"depth": 2.6356179978521395, "log_lambd": 0.7562348727818908}, "datetime": {"datetime": "2023-03-28 18:06:26", "elapsed": 12925.154976, "delta": 1498.52194}}
{"target": 0.8802972462476791, "params": {"depth": 1.2191007455834093, "log_lambd": 0.34093502035680445}, "datetime": {"datetime": "2023-03-28 18:29:05", "elapsed": 14283.252046, "delta": 1358.09707}}
{"target": 0.8988919219669661, "params": {"depth": 4.338438418937016, "log_lambd": 0.11737965689150331}, "datetime": {"datetime": "2023-03-28 19:07:57", "elapsed": 16615.585568, "delta": 2332.333522}}
{"target": 0.8959538060826241, "params": {"depth": 2.12309550876187, "log_lambd": -0.6037970218302424}, "datetime": {"datetime": "2023-03-28 19:33:36", "elapsed": 18154.318329, "delta": 1538.732761}}
{"target": 0.757384966376279, "params": {"depth": 7.405956549404293, "log_lambd": 0.936523151438795}, "datetime": {"datetime": "2023-03-28 20:33:46", "elapsed": 21764.719653, "delta": 3610.401324}}
{"target": 0.8934110420124982, "params": {"depth": 3.5073934252739427, "log_lambd": 0.38464523133862816}, "datetime": {"datetime": "2023-03-28 21:05:52", "elapsed": 23690.262976, "delta": 1925.543323}}
{"target": 0.7733564681406278, "params": {"depth": 8.011113218368306, "log_lambd": 0.7892133270076946}, "datetime": {"datetime": "2023-03-28 22:13:25", "elapsed": 27743.965771, "delta": 4053.702795}}
{"target": 0.8900937025506707, "params": {"depth": 1.6803536909582233, "log_lambd": -0.9218904335342353}, "datetime": {"datetime": "2023-03-28 22:30:57", "elapsed": 28796.072267, "delta": 1052.106496}}
{"target": 0.8802680673199205, "params": {"depth": 2.358643356516551, "log_lambd": 0.7562850068588263}, "datetime": {"datetime": "2023-03-28 22:55:30", "elapsed": 30268.928003, "delta": 1472.855736}}
{"target": 0.9060731060305995, "params": {"depth": 4.048126096485128, "log_lambd": -1.0}, "datetime": {"datetime": "2023-03-28 23:32:45", "elapsed": 32503.697975, "delta": 2234.769972}}
{"target": 0.9075887476242365, "params": {"depth": 3.3965216361895214, "log_lambd": -0.6073091412283474}, "datetime": {"datetime": "2023-03-29 00:03:58", "elapsed": 34376.968087, "delta": 1873.270112}}
{"target": 0.9101884965362269, "params": {"depth": 5.522643829874602, "log_lambd": -1.0}, "datetime": {"datetime": "2023-03-29 00:47:18", "elapsed": 36976.951631, "delta": 2599.983544}}
{"target": 0.9166744138097688, "params": {"depth": 9.0, "log_lambd": -1.0}, "datetime": {"datetime": "2023-03-29 01:55:58", "elapsed": 41097.112849, "delta": 4120.161218}}
{"target": 0.9148601412569337, "params": {"depth": 7.635292392840837, "log_lambd": -1.0}, "datetime": {"datetime": "2023-03-29 02:52:13", "elapsed": 44472.191817, "delta": 3375.078968}}
{"target": 0.913806240327021, "params": {"depth": 6.621173704226962, "log_lambd": -1.0}, "datetime": {"datetime": "2023-03-29 03:42:05", "elapsed": 47463.312591, "delta": 2991.120774}}
{"target": 0.9165028608240365, "params": {"depth": 8.379748822095637, "log_lambd": -1.0}, "datetime": {"datetime": "2023-03-29 04:44:31", "elapsed": 51209.392834, "delta": 3746.080243}}
{"target": 0.9105967542813196, "params": {"depth": 4.7506623281062055, "log_lambd": -0.7110377351199005}, "datetime": {"datetime": "2023-03-29 05:22:42", "elapsed": 53500.494151, "delta": 2291.101317}}
{"target": 0.9116891126118153, "params": {"depth": 3.8729967488576937, "log_lambd": -0.3810240067745288}, "datetime": {"datetime": "2023-03-29 05:55:05", "elapsed": 55443.88584, "delta": 1943.391689}}
{"target": 0.9148601412569337, "params": {"depth": 7.119339046479082, "log_lambd": -1.0}, "datetime": {"datetime": "2023-03-29 06:51:14", "elapsed": 58813.19265, "delta": 3369.30681}}
{"target": 0.9153051548432862, "params": {"depth": 3.191749206317475, "log_lambd": -0.1439985458165625}, "datetime": {"datetime": "2023-03-29 07:23:25", "elapsed": 60743.67296, "delta": 1930.48031}}
{"target": 0.9060731060305995, "params": {"depth": 4.835442832202426, "log_lambd": -1.0}, "datetime": {"datetime": "2023-03-29 08:00:43", "elapsed": 62982.081969, "delta": 2238.409009}}
{"target": 0.9177397941744986, "params": {"depth": 5.559445108879499, "log_lambd": -0.379794444181871}, "datetime": {"datetime": "2023-03-29 08:46:23", "elapsed": 65721.226557, "delta": 2739.144588}}
{"target": 0.9180463031389232, "params": {"depth": 6.049421511031378, "log_lambd": -0.5792151529848579}, "datetime": {"datetime": "2023-03-29 09:37:41", "elapsed": 68799.457459, "delta": 3078.230902}}
{"target": 0.9076993184967272, "params": {"depth": 9.0, "log_lambd": -0.5796176013382305}, "datetime": {"datetime": "2023-03-29 10:50:47", "elapsed": 73185.308935, "delta": 4385.851476}}
{"target": 0.915288317418645, "params": {"depth": 5.768641660492201, "log_lambd": -0.6568323205965884}, "datetime": {"datetime": "2023-03-29 11:34:48", "elapsed": 75826.223993, "delta": 2640.915058}}
{"target": 0.892737430422458, "params": {"depth": 5.696210919343437, "log_lambd": 0.054443552354336844}, "datetime": {"datetime": "2023-03-29 12:21:23", "elapsed": 78621.481936, "delta": 2795.257943}}
{"target": 0.9181734545677802, "params": {"depth": 6.632182478935359, "log_lambd": -0.6067426332506931}, "datetime": {"datetime": "2023-03-29 13:12:32", "elapsed": 81690.986855, "delta": 3069.504919}}
{"target": 0.9180777043504899, "params": {"depth": 5.1686624827536924, "log_lambd": -0.41751014637355716}, "datetime": {"datetime": "2023-03-29 13:58:30", "elapsed": 84448.945683, "delta": 2757.958828}}
{"target": 0.9173682309780866, "params": {"depth": 6.33039625522787, "log_lambd": -0.7011381081454708}, "datetime": {"datetime": "2023-03-29 14:49:30", "elapsed": 87508.461232, "delta": 3059.515549}}
{"target": 0.917349145360976, "params": {"depth": 7.124281840914496, "log_lambd": -0.6879013346467158}, "datetime": {"datetime": "2023-03-29 15:47:19", "elapsed": 90977.278053, "delta": 3468.816821}}
{"target": 0.9161445080286795, "params": {"depth": 5.363512964807079, "log_lambd": -0.6048769412122283}, "datetime": {"datetime": "2023-03-29 16:31:33", "elapsed": 93631.671545, "delta": 2654.393492}}
{"target": 0.9154828816826588, "params": {"depth": 8.003584261655952, "log_lambd": -0.7437839425526359}, "datetime": {"datetime": "2023-03-29 17:36:31", "elapsed": 97529.391246, "delta": 3897.719701}}
{"target": 0.9172070149148266, "params": {"depth": 8.668521071171025, "log_lambd": -0.8762146678997854}, "datetime": {"datetime": "2023-03-29 18:40:51", "elapsed": 101389.800703, "delta": 3860.409457}}
{"target": 0.9161792238655347, "params": {"depth": 6.832423097532183, "log_lambd": -0.7793615965629785}, "datetime": {"datetime": "2023-03-29 19:31:38", "elapsed": 104436.443259, "delta": 3046.642556}}
{"target": 0.917826800104976, "params": {"depth": 7.494711499007499, "log_lambd": -0.7177057139468568}, "datetime": {"datetime": "2023-03-29 20:29:13", "elapsed": 107891.804129, "delta": 3455.36087}}
{"target": 0.9157855037613429, "params": {"depth": 6.329463145992509, "log_lambd": -0.4604299957293794}, "datetime": {"datetime": "2023-03-29 21:21:33", "elapsed": 111031.433096, "delta": 3139.628967}}
{"target": 0.9148531011760799, "params": {"depth": 3.491976948290242, "log_lambd": -0.20130710617741443}, "datetime": {"datetime": "2023-03-29 21:53:44", "elapsed": 112962.240153, "delta": 1930.807057}}
{"target": 0.9168293747844417, "params": {"depth": 8.713866753464064, "log_lambd": -0.9948065825022314}, "datetime": {"datetime": "2023-03-29 22:56:34", "elapsed": 116732.355414, "delta": 3770.115261}}
{"target": 0.9169461035533394, "params": {"depth": 4.9889933020590655, "log_lambd": -0.28983371754139686}, "datetime": {"datetime": "2023-03-29 23:35:11", "elapsed": 119049.351701, "delta": 2316.996287}}
{"target": 0.9177418607985506, "params": {"depth": 7.347574719516364, "log_lambd": -0.810929656091257}, "datetime": {"datetime": "2023-03-30 00:32:23", "elapsed": 122481.431379, "delta": 3432.079678}}
{"target": 0.9168070746117681, "params": {"depth": 5.297914243052006, "log_lambd": -0.3482222880061406}, "datetime": {"datetime": "2023-03-30 01:18:09", "elapsed": 125227.49642, "delta": 2746.065041}}
{"target": 0.9167260640064411, "params": {"depth": 8.408433173008572, "log_lambd": -0.7758328704212565}, "datetime": {"datetime": "2023-03-30 02:22:39", "elapsed": 129098.008147, "delta": 3870.511727}}
{"target": 0.917112110552711, "params": {"depth": 6.491873843809682, "log_lambd": -0.6804759652891753}, "datetime": {"datetime": "2023-03-30 03:14:02", "elapsed": 132180.548959, "delta": 3082.540812}}
{"target": 0.9137580270675697, "params": {"depth": 6.121411255571658, "log_lambd": -0.9695185198068279}, "datetime": {"datetime": "2023-03-30 04:04:10", "elapsed": 135188.334751, "delta": 3007.785792}}
{"target": 0.9173613690606679, "params": {"depth": 5.079214397498418, "log_lambd": -0.462703815059634}, "datetime": {"datetime": "2023-03-30 04:49:07", "elapsed": 137885.583116, "delta": 2697.248365}}
{"target": 0.9173888877756856, "params": {"depth": 7.621280024168594, "log_lambd": -0.7744716361398251}, "datetime": {"datetime": "2023-03-30 05:46:43", "elapsed": 141341.716495, "delta": 3456.133379}}
{"target": 0.9178114286307909, "params": {"depth": 7.3164123312153935, "log_lambd": -0.764600830957102}, "datetime": {"datetime": "2023-03-30 06:44:09", "elapsed": 144787.870049, "delta": 3446.153554}}
{"target": 0.9180951593181564, "params": {"depth": 6.85740611132587, "log_lambd": -0.5633652156505726}, "datetime": {"datetime": "2023-03-30 07:35:29", "elapsed": 147867.91068, "delta": 3080.040631}}
{"target": 0.9152809160242114, "params": {"depth": 7.286471925492286, "log_lambd": -0.5929666584049923}, "datetime": {"datetime": "2023-03-30 08:33:56", "elapsed": 151374.766533, "delta": 3506.855853}}
